REQUEST - GET - / - Fri Nov 30 2018 23:33:59 GMT+0530 (India Standard Time) 
REQUEST - GET - / - Fri Nov 30 2018 23:34:27 GMT+0530 (India Standard Time) 
REQUEST - GET - / - Fri Nov 30 2018 23:36:35 GMT+0530 (India Standard Time) 
REQUEST - GET - / - Fri Nov 30 2018 23:36:42 GMT+0530 (India Standard Time) 
REQUEST - GET - / - Fri Nov 30 2018 23:36:46 GMT+0530 (India Standard Time) 
REQUEST - GET - / - Fri Nov 30 2018 23:37:09 GMT+0530 (India Standard Time) 
REQUEST - GET - / - Fri Nov 30 2018 23:37:22 GMT+0530 (India Standard Time) 
REQUEST - GET - / - Fri Nov 30 2018 23:38:36 GMT+0530 (India Standard Time) 
REQUEST - GET - /public/stylesheets/style.css - Fri Nov 30 2018 23:38:36 GMT+0530 (India Standard Time) 
REQUEST - GET - / - Fri Nov 30 2018 23:38:55 GMT+0530 (India Standard Time) 
REQUEST - GET - /public/stylesheets/style.css - Fri Nov 30 2018 23:38:56 GMT+0530 (India Standard Time) 
REQUEST - GET - /public/stylesheets/style.css - Fri Nov 30 2018 23:39:11 GMT+0530 (India Standard Time) 
REQUEST - GET - / - Fri Nov 30 2018 23:40:28 GMT+0530 (India Standard Time) 
REQUEST - GET - /public/stylesheets/style.css - Fri Nov 30 2018 23:40:28 GMT+0530 (India Standard Time) 
REQUEST - GET - / - Fri Nov 30 2018 23:40:46 GMT+0530 (India Standard Time) 
REQUEST - GET - /public/stylesheets/style.css - Fri Nov 30 2018 23:40:47 GMT+0530 (India Standard Time) 
REQUEST - GET - / - Fri Nov 30 2018 23:43:45 GMT+0530 (India Standard Time) 
REQUEST - GET - / - Fri Nov 30 2018 23:43:55 GMT+0530 (India Standard Time) 
REQUEST - GET - /robots.txt - Fri Nov 30 2018 23:43:55 GMT+0530 (India Standard Time) 
REQUEST - GET - / - Fri Nov 30 2018 23:44:17 GMT+0530 (India Standard Time) 
REQUEST - GET - /public/stylesheets/style.css - Fri Nov 30 2018 23:44:17 GMT+0530 (India Standard Time) 
REQUEST - GET - /public/stylesheets/style.css - Fri Nov 30 2018 23:44:31 GMT+0530 (India Standard Time) 
REQUEST - GET - / - Fri Nov 30 2018 23:51:25 GMT+0530 (India Standard Time) 
REQUEST - GET - / - Fri Nov 30 2018 23:52:11 GMT+0530 (India Standard Time) 
REQUEST - GET - /public/stylesheets/style.css - Fri Nov 30 2018 23:52:11 GMT+0530 (India Standard Time) 
REQUEST - GET - / - Fri Nov 30 2018 23:53:29 GMT+0530 (India Standard Time) 
REQUEST - GET - /public/stylesheets/style.css - Fri Nov 30 2018 23:53:35 GMT+0530 (India Standard Time) 
REQUEST - GET - /public/stylesheets/style.css - Fri Nov 30 2018 23:53:47 GMT+0530 (India Standard Time) 
REQUEST - GET - /public/stylesheets/style.css - Fri Nov 30 2018 23:54:12 GMT+0530 (India Standard Time) 
REQUEST - GET - / - Fri Nov 30 2018 23:54:22 GMT+0530 (India Standard Time) 
REQUEST - GET - /public/stylesheets/style.css - Fri Nov 30 2018 23:54:27 GMT+0530 (India Standard Time) 
REQUEST - GET - /public/stylesheets/style.css - Fri Nov 30 2018 23:54:48 GMT+0530 (India Standard Time) 
REQUEST - GET - / - Fri Nov 30 2018 23:54:51 GMT+0530 (India Standard Time) 
REQUEST - GET - / - Fri Nov 30 2018 23:55:47 GMT+0530 (India Standard Time) 
REQUEST - GET - / - Fri Nov 30 2018 23:56:22 GMT+0530 (India Standard Time) 
REQUEST - GET - / - Fri Nov 30 2018 23:57:22 GMT+0530 (India Standard Time) 
REQUEST - GET - /public/stylesheets/style.css - Fri Nov 30 2018 23:57:22 GMT+0530 (India Standard Time) 
REQUEST - GET - / - Fri Nov 30 2018 23:58:24 GMT+0530 (India Standard Time) 
REQUEST - GET - /public/stylesheets/style.css - Fri Nov 30 2018 23:58:25 GMT+0530 (India Standard Time) 
REQUEST - GET - / - Fri Nov 30 2018 23:59:05 GMT+0530 (India Standard Time) 
REQUEST - GET - /assests/public/stylesheets/style.css - Fri Nov 30 2018 23:59:05 GMT+0530 (India Standard Time) 
REQUEST - GET - / - Sat Dec 01 2018 00:00:05 GMT+0530 (India Standard Time) 
REQUEST - GET - /assests/public/stylesheets/style.css - Sat Dec 01 2018 00:00:05 GMT+0530 (India Standard Time) 
REQUEST - GET - / - Sat Dec 01 2018 00:00:13 GMT+0530 (India Standard Time) 
REQUEST - GET - / - Sat Dec 01 2018 00:00:22 GMT+0530 (India Standard Time) 
REQUEST - GET - / - Sat Dec 01 2018 00:00:39 GMT+0530 (India Standard Time) 
REQUEST - GET - / - Sat Dec 01 2018 00:00:50 GMT+0530 (India Standard Time) 
REQUEST - GET - /assests/public/stylesheets/style.css - Sat Dec 01 2018 00:00:50 GMT+0530 (India Standard Time) 
REQUEST - GET - / - Sat Dec 01 2018 00:01:19 GMT+0530 (India Standard Time) 
REQUEST - GET - /assests/public/stylesheets/style.css - Sat Dec 01 2018 00:01:20 GMT+0530 (India Standard Time) 
REQUEST - GET - /robots.txt - Sat Dec 01 2018 00:01:20 GMT+0530 (India Standard Time) 
REQUEST - GET - / - Sat Dec 01 2018 00:01:49 GMT+0530 (India Standard Time) 
REQUEST - GET - /public/stylesheets/style.css - Sat Dec 01 2018 00:01:50 GMT+0530 (India Standard Time) 
REQUEST - GET - / - Sat Dec 01 2018 00:05:26 GMT+0530 (India Standard Time) 
REQUEST - GET - /public/stylesheets/style.css - Sat Dec 01 2018 00:05:26 GMT+0530 (India Standard Time) 
REQUEST - GET - / - Sat Dec 01 2018 00:06:58 GMT+0530 (India Standard Time) 
REQUEST - GET - / - Sat Dec 01 2018 00:07:19 GMT+0530 (India Standard Time) 
REQUEST - GET - / - Sat Dec 01 2018 00:08:16 GMT+0530 (India Standard Time) 
REQUEST - GET - / - Sat Dec 01 2018 00:08:23 GMT+0530 (India Standard Time) 
REQUEST - GET - /public/stylesheets/style.css - Sat Dec 01 2018 00:08:44 GMT+0530 (India Standard Time) 
REQUEST - GET - /public/stylesheets/style.css - Sat Dec 01 2018 00:09:06 GMT+0530 (India Standard Time) 
REQUEST - GET - /public/stylesheets/style.css - Sat Dec 01 2018 00:09:11 GMT+0530 (India Standard Time) 
REQUEST - GET - /public/stylesheets/style.css - Sat Dec 01 2018 00:09:29 GMT+0530 (India Standard Time) 
REQUEST - GET - /public/stylesheets/style.css - Sat Dec 01 2018 00:09:40 GMT+0530 (India Standard Time) 
REQUEST - GET - /public/stylesheets/style.css - Sat Dec 01 2018 00:09:52 GMT+0530 (India Standard Time) 
REQUEST - GET - /public/stylesheets/style.css - Sat Dec 01 2018 00:10:32 GMT+0530 (India Standard Time) 
REQUEST - GET - /public/stylesheets/style.css - Sat Dec 01 2018 00:10:50 GMT+0530 (India Standard Time) 
REQUEST - GET - / - Sat Dec 01 2018 00:11:36 GMT+0530 (India Standard Time) 
REQUEST - GET - /public/stylesheets/style.css - Sat Dec 01 2018 00:11:40 GMT+0530 (India Standard Time) 
REQUEST - GET - /public/stylesheets/style.css - Sat Dec 01 2018 00:11:56 GMT+0530 (India Standard Time) 
REQUEST - GET - /public/stylesheets/style.css - Sat Dec 01 2018 00:13:23 GMT+0530 (India Standard Time) 
REQUEST - GET - /robots.txt - Sat Dec 01 2018 00:13:23 GMT+0530 (India Standard Time) 
REQUEST - GET - /add-todo?todo=apple - Sat Dec 01 2018 00:18:51 GMT+0530 (India Standard Time) 
REQUEST - GET - /add-todo?todo=apple - Sat Dec 01 2018 00:19:17 GMT+0530 (India Standard Time) 
REQUEST - GET - / - Sat Dec 01 2018 00:19:29 GMT+0530 (India Standard Time) 
REQUEST - GET - /?todo=aplle - Sat Dec 01 2018 00:19:36 GMT+0530 (India Standard Time) 
REQUEST - GET - /?todo=apple - Sat Dec 01 2018 00:19:53 GMT+0530 (India Standard Time) 
REQUEST - GET - /?todo=apple - Sat Dec 01 2018 00:20:26 GMT+0530 (India Standard Time) 
REQUEST - GET - /?todo=apple - Sat Dec 01 2018 00:20:33 GMT+0530 (India Standard Time) 
REQUEST - GET - /?todo=apple - Sat Dec 01 2018 00:20:50 GMT+0530 (India Standard Time) 
REQUEST - GET - /?todo=apple - Sat Dec 01 2018 00:20:54 GMT+0530 (India Standard Time) 
REQUEST - GET - /?todo=apple - Sat Dec 01 2018 00:21:12 GMT+0530 (India Standard Time) 
REQUEST - GET - /?todo=apple - Sat Dec 01 2018 00:21:24 GMT+0530 (India Standard Time) 
REQUEST - GET - /?todo=apple - Sat Dec 01 2018 00:21:47 GMT+0530 (India Standard Time) 
REQUEST - GET - /?todo=ashish - Sat Dec 01 2018 00:21:52 GMT+0530 (India Standard Time) 
REQUEST - GET - /?todo=ashish - Sat Dec 01 2018 00:22:24 GMT+0530 (India Standard Time) 
REQUEST - POST - / - Sat Dec 01 2018 00:22:31 GMT+0530 (India Standard Time) 
REQUEST - GET - / - Sat Dec 01 2018 00:22:41 GMT+0530 (India Standard Time) 
REQUEST - POST - / - Sat Dec 01 2018 00:22:45 GMT+0530 (India Standard Time) 
REQUEST - GET - / - Sat Dec 01 2018 00:22:48 GMT+0530 (India Standard Time) 
